2022-06-22 07:00:59,900 INFO scheduler Scheduled Job Start: erpnext.utilities.doctype.video.video.update_youtube_data for erp-site
2022-06-22 07:01:00,872 INFO scheduler Scheduled Job Failed: erpnext.utilities.doctype.video.video.update_youtube_data for erp-site
2022-06-22 07:01:01,047 INFO scheduler Scheduled Job Start: frappe.email.doctype.newsletter.newsletter.send_scheduled_email for erp-site
2022-06-22 07:01:01,566 INFO scheduler Scheduled Job Complete: frappe.email.doctype.newsletter.newsletter.send_scheduled_email for erp-site
2022-06-22 07:01:01,730 INFO scheduler Scheduled Job Start: frappe.integrations.doctype.google_calendar.google_calendar.sync for erp-site
2022-06-22 07:01:02,564 INFO scheduler Scheduled Job Complete: frappe.integrations.doctype.google_calendar.google_calendar.sync for erp-site
2022-06-22 07:01:02,737 INFO scheduler Scheduled Job Start: frappe.desk.form.document_follow.send_hourly_updates for erp-site
2022-06-22 07:01:03,195 INFO scheduler Scheduled Job Complete: frappe.desk.form.document_follow.send_hourly_updates for erp-site
2022-06-22 07:01:03,335 INFO scheduler Scheduled Job Start: frappe.deferred_insert.save_to_db for erp-site
2022-06-22 07:01:03,774 INFO scheduler Scheduled Job Complete: frappe.deferred_insert.save_to_db for erp-site
2022-06-22 07:01:03,926 INFO scheduler Scheduled Job Start: frappe.desk.page.backups.backups.delete_downloadable_backups for erp-site
2022-06-22 07:01:04,524 INFO scheduler Scheduled Job Complete: frappe.desk.page.backups.backups.delete_downloadable_backups for erp-site
2022-06-22 07:01:04,700 INFO scheduler Scheduled Job Start: frappe.utils.error.collect_error_snapshots for erp-site
2022-06-22 07:01:05,121 INFO scheduler Scheduled Job Complete: frappe.utils.error.collect_error_snapshots for erp-site
2022-06-22 07:01:05,278 INFO scheduler Scheduled Job Start: frappe.model.utils.user_settings.sync_user_settings for erp-site
2022-06-22 07:01:05,680 INFO scheduler Scheduled Job Complete: frappe.model.utils.user_settings.sync_user_settings for erp-site
2022-06-22 07:01:05,824 INFO scheduler Scheduled Job Start: frappe.model.utils.link_count.update_link_count for erp-site
2022-06-22 07:01:06,249 INFO scheduler Scheduled Job Complete: frappe.model.utils.link_count.update_link_count for erp-site
2022-06-22 07:01:06,397 INFO scheduler Scheduled Job Start: frappe.monitor.flush for erp-site
2022-06-22 07:01:06,682 INFO scheduler Scheduled Job Complete: frappe.monitor.flush for erp-site
2022-06-22 07:01:06,795 INFO scheduler Scheduled Job Start: frappe.utils.global_search.sync_global_search for erp-site
2022-06-22 07:01:07,094 INFO scheduler Scheduled Job Complete: frappe.utils.global_search.sync_global_search for erp-site
2022-06-22 07:01:07,214 INFO scheduler Scheduled Job Start: frappe.integrations.doctype.razorpay_settings.razorpay_settings.capture_payment for erp-site
2022-06-22 07:01:07,521 INFO scheduler Scheduled Job Complete: frappe.integrations.doctype.razorpay_settings.razorpay_settings.capture_payment for erp-site
2022-06-22 07:01:07,632 INFO scheduler Scheduled Job Start: frappe.email.doctype.email_account.email_account.notify_unreplied for erp-site
2022-06-22 07:01:07,981 INFO scheduler Scheduled Job Complete: frappe.email.doctype.email_account.email_account.notify_unreplied for erp-site
2022-06-22 07:01:08,099 INFO scheduler Scheduled Job Start: frappe.email.doctype.email_account.email_account.pull for erp-site
2022-06-22 07:01:08,492 INFO scheduler Scheduled Job Complete: frappe.email.doctype.email_account.email_account.pull for erp-site
2022-06-22 07:01:08,608 INFO scheduler Scheduled Job Start: frappe.email.queue.flush for erp-site
2022-06-22 07:01:08,886 INFO scheduler Scheduled Job Complete: frappe.email.queue.flush for erp-site
2022-06-22 07:01:09,010 INFO scheduler Scheduled Job Start: frappe.twofactor.delete_all_barcodes_for_users for erp-site
2022-06-22 07:01:09,518 INFO scheduler Scheduled Job Complete: frappe.twofactor.delete_all_barcodes_for_users for erp-site
2022-06-22 07:01:09,673 INFO scheduler Scheduled Job Start: frappe.website.doctype.web_page.web_page.check_publish_status for erp-site
2022-06-22 07:01:10,236 INFO scheduler Scheduled Job Complete: frappe.website.doctype.web_page.web_page.check_publish_status for erp-site
2022-06-22 07:01:10,408 INFO scheduler Scheduled Job Start: frappe.oauth.delete_oauth2_data for erp-site
2022-06-22 07:01:11,022 INFO scheduler Scheduled Job Complete: frappe.oauth.delete_oauth2_data for erp-site
